<?xml version="1.0" encoding="UTF-8"?>
<testsuite xmlns:xsi="http://www.w3.org/2001/XMLSchema-instance" xsi:noNamespaceSchemaLocation="https://maven.apache.org/surefire/maven-surefire-plugin/xsd/surefire-test-report-3.0.xsd" version="3.0" name="br.com.devdojo.varargs.junit.serice.PersonServiceTest" time="0.018" tests="4" errors="0" skipped="0" failures="0">
  <properties>
[...]
</properties>
  <testcase name="isAdult_ReturnFalse_WhenAgeIsLowerThen18" classname="br.com.devdojo.varargs.junit.serice.PersonServiceTest" time="0.003"/>
  <testcase name="filterRemovingNotAdult_ReturnListWithAdultOnly_WhenListOfPersonWithAdultsIsPassed" classname="br.com.devdojo.varargs.junit.serice.PersonServiceTest" time="0.002"/>
  <testcase name="isAdult_ReturnTrue_WhenAgeIsGreaterOrEqualsThen18" classname="br.com.devdojo.varargs.junit.serice.PersonServiceTest" time="0.002"/>
  <testcase name="isAdult_ShouldThrowException_WhenPersonIsNull" classname="br.com.devdojo.varargs.junit.serice.PersonServiceTest" time="0.003"/>
</testsuite>